\BOOKMARK [1][-]{section.1}{Specifiche}{}% 1
\BOOKMARK [1][-]{section.2}{Introduzione}{}% 2
\BOOKMARK [1][-]{section.3}{Requisiti utente}{}% 3
\BOOKMARK [2][-]{subsection.3.1}{Usecase Diagram}{section.3}% 4
\BOOKMARK [3][-]{subsubsection.3.1.1}{Personale}{subsection.3.1}% 5
\BOOKMARK [3][-]{subsubsection.3.1.2}{Segreteria amministrativa}{subsection.3.1}% 6
\BOOKMARK [3][-]{subsubsection.3.1.3}{Responsabile negozio}{subsection.3.1}% 7
\BOOKMARK [3][-]{subsubsection.3.1.4}{Magazzinieri}{subsection.3.1}% 8
\BOOKMARK [2][-]{subsection.3.2}{Sequence diagram}{section.3}% 9
\BOOKMARK [1][-]{section.4}{Requisiti di sistema}{}% 10
\BOOKMARK [2][-]{subsection.4.1}{Class Diagram}{section.4}% 11
\BOOKMARK [3][-]{subsubsection.4.1.1}{Controller}{subsection.4.1}% 12
\BOOKMARK [3][-]{subsubsection.4.1.2}{Model}{subsection.4.1}% 13
\BOOKMARK [3][-]{subsubsection.4.1.3}{View}{subsection.4.1}% 14
\BOOKMARK [2][-]{subsection.4.2}{Sequence diagram delle classi}{section.4}% 15
\BOOKMARK [3][-]{subsubsection.4.2.1}{Segreteria amministrativa}{subsection.4.2}% 16
\BOOKMARK [3][-]{subsubsection.4.2.2}{Responsabile negozio}{subsection.4.2}% 17
\BOOKMARK [3][-]{subsubsection.4.2.3}{Magazziniere}{subsection.4.2}% 18
\BOOKMARK [1][-]{section.5}{Modelli di sistema}{}% 19
\BOOKMARK [2][-]{subsection.5.1}{Activity diagram}{section.5}% 20
\BOOKMARK [3][-]{subsubsection.5.1.1}{Segreteria amministrativa}{subsection.5.1}% 21
\BOOKMARK [3][-]{subsubsection.5.1.2}{Responsabile negozio}{subsection.5.1}% 22
\BOOKMARK [3][-]{subsubsection.5.1.3}{Magazziniere}{subsection.5.1}% 23
\BOOKMARK [1][-]{section.6}{Progettazione e sviluppo}{}% 24
\BOOKMARK [2][-]{subsection.6.1}{I Pattern usati}{section.6}% 25
\BOOKMARK [1][-]{section.7}{Struttura del database}{}% 26
\BOOKMARK [1][-]{section.8}{Testing}{}% 27
